\BOOKMARK [0][-]{chapter.1}{\376\377\210\114\122\027\137\017}{}% 1
\BOOKMARK [1][-]{section.1.1}{\376\377\210\114\122\027\137\017\166\204\133\232\116\111}{chapter.1}% 2
\BOOKMARK [2][-]{subsection.1.1.1}{\376\377\116\214\226\066\210\114\122\027\137\017}{section.1.1}% 3
\BOOKMARK [2][-]{subsection.1.1.2}{\376\377\000n\000\040\226\066\210\114\122\027\137\017}{section.1.1}% 4
\BOOKMARK [1][-]{section.1.2}{\376\377\210\114\122\027\137\017\166\204\140\047\215\050}{chapter.1}% 5
\BOOKMARK [2][-]{subsection.1.2.1}{\376\377\210\114\122\027\137\017\166\204\140\047\215\050}{section.1.2}% 6
\BOOKMARK [2][-]{subsection.1.2.2}{\376\377\210\114\122\027\137\017\166\204\213\241\173\227}{section.1.2}% 7
\BOOKMARK [2][-]{subsection.1.2.3}{\376\377\210\114\122\027\137\017\166\204\140\047\215\050\000\050\000I\000I\000\051}{section.1.2}% 8
\BOOKMARK [1][-]{section.1.3}{\376\377\121\113\203\261\131\306\154\325\122\031\377\010\000c\000r\000a\000m\000e\000r\377\011}{chapter.1}% 9
\BOOKMARK [0][-]{chapter.2}{\376\377\167\351\226\065}{}% 10
\BOOKMARK [1][-]{section.2.1}{\376\377\167\351\226\065}{chapter.2}% 11
\BOOKMARK [2][-]{subsection.2.1.1}{\376\377\167\351\226\065\166\204\151\202\137\365}{section.2.1}% 12
\BOOKMARK [2][-]{subsection.2.1.2}{\376\377\167\351\226\065\166\204\166\370\173\111}{section.2.1}% 13
\BOOKMARK [2][-]{subsection.2.1.3}{\376\377\162\171\153\212\167\351\226\065}{section.2.1}% 14
\BOOKMARK [1][-]{section.2.2}{\376\377\167\351\226\065\166\204\127\372\147\054\217\320\173\227}{chapter.2}% 15
\BOOKMARK [2][-]{subsection.2.2.1}{\376\377\167\351\226\065\166\204\145\160\221\317\116\130\154\325}{section.2.2}% 16
\BOOKMARK [2][-]{subsection.2.2.2}{\376\377\167\351\226\065\166\204\116\130\154\325}{section.2.2}% 17
\BOOKMARK [2][-]{subsection.2.2.3}{\376\377\167\351\226\065\116\130\154\325\166\204\217\320\173\227\211\304\137\213}{section.2.2}% 18
\BOOKMARK [2][-]{subsection.2.2.4}{\376\377\167\351\226\065\166\204\145\271\136\102}{section.2.2}% 19
\BOOKMARK [2][-]{subsection.2.2.5}{\376\377\167\351\226\065\166\204\217\154\177\156}{section.2.2}% 20
\BOOKMARK [2][-]{subsection.2.2.6}{\376\377\133\371\171\360\167\351\226\065\116\016\123\315\133\371\171\360\167\351\226\065}{section.2.2}% 21
\BOOKMARK [2][-]{subsection.2.2.7}{\376\377\145\271\226\065\166\204\210\114\122\027\137\017}{section.2.2}% 22
\BOOKMARK [1][-]{section.2.3}{\376\377\167\351\226\065\166\204\122\035\173\111\123\330\143\142\116\016\122\035\173\111\167\351\226\065}{chapter.2}% 23
\BOOKMARK [2][-]{subsection.2.3.1}{\376\377\167\351\226\065\166\204\122\035\173\111\123\330\143\142}{section.2.3}% 24
\BOOKMARK [2][-]{subsection.2.3.2}{\376\377\167\351\226\065\166\204\173\111\116\367}{section.2.3}% 25
\BOOKMARK [2][-]{subsection.2.3.3}{\376\377\226\066\150\257\137\142\167\351\226\065\116\016\173\111\116\367\150\007\121\306\137\142}{section.2.3}% 26
\BOOKMARK [2][-]{subsection.2.3.4}{\376\377\122\035\173\111\167\351\226\065}{section.2.3}% 27
\BOOKMARK [2][-]{subsection.2.3.5}{\376\377\122\035\173\111\167\351\226\065\116\016\122\035\173\111\123\330\143\142\166\204\121\163\174\373}{section.2.3}% 28
\BOOKMARK [0][-]{chapter.3}{\376\377\225\031\230\230\226\306}{}% 29
\BOOKMARK [1][-]{section.3.1}{\376\377\210\114\122\027\137\017}{chapter.3}% 30
